============================= test session starts =============================
platform win32 -- Python 3.12.10, pytest-9.0.2, pluggy-1.6.0 -- C:\Users\nandk\Aether-AI\venv\Scripts\python.exe
cachedir: .pytest_cache
rootdir: C:\Users\nandk\Aether-AI
configfile: pytest.ini
plugins: anyio-4.12.1, langsmith-0.7.4, asyncio-1.3.0
asyncio: mode=Mode.STRICT, debug=False, asyncio_default_fixture_loop_scope=None, asyncio_default_test_loop_scope=function
collecting ... collected 0 items / 1 error

=================================== ERRORS ====================================
_________________ ERROR collecting tests/unit/test_memory.py __________________
ImportError while importing test module 'C:\Users\nandk\Aether-AI\tests\unit\test_memory.py'.
Hint: make sure your test modules/packages have valid Python names.
Traceback:
C:\Program Files\WindowsApps\PythonSoftwareFoundation.Python.3.12_3.12.2800.0_x64__qbz5n2kfra8p0\Lib\importlib\__init__.py:90: in import_module
    return _bootstrap._gcd_import(name[level:], package, level)
           ^^^^^^^^^^^^^^^^^^^^^^^^^^^^^^^^^^^^^^^^^^^^^^^^^^^^
tests\unit\test_memory.py:8: in <module>
    from src.cognitive.memory.vector_store import VectorStore, MemoryManager
E   ImportError: cannot import name 'MemoryManager' from 'src.cognitive.memory.vector_store' (C:\Users\nandk\Aether-AI\src\cognitive\memory\vector_store.py)
------------------------------- Captured stdout -------------------------------
\u26a0\ufe0f WARNING: Using auto-generated secret key for development
=========================== short test summary info ===========================
ERROR tests/unit/test_memory.py
!!!!!!!!!!!!!!!!!!! Interrupted: 1 error during collection !!!!!!!!!!!!!!!!!!!!
============================== 1 error in 2.07s ===============================
