============================= test session starts =============================
platform win32 -- Python 3.12.10, pytest-9.0.2, pluggy-1.6.0 -- C:\Users\nandk\Aether-AI\venv\Scripts\python.exe
cachedir: .pytest_cache
rootdir: C:\Users\nandk\Aether-AI
configfile: pytest.ini
plugins: anyio-4.12.1, langsmith-0.7.4, asyncio-1.3.0
asyncio: mode=Mode.STRICT, debug=False, asyncio_default_fixture_loop_scope=None, asyncio_default_test_loop_scope=function
collecting ... collected 0 items / 1 error

=================================== ERRORS ====================================
_______________ ERROR collecting tests/integration/test_api.py ________________
ImportError while importing test module 'C:\Users\nandk\Aether-AI\tests\integration\test_api.py'.
Hint: make sure your test modules/packages have valid Python names.
Traceback:
C:\Program Files\WindowsApps\PythonSoftwareFoundation.Python.3.12_3.12.2800.0_x64__qbz5n2kfra8p0\Lib\importlib\__init__.py:90: in import_module
    return _bootstrap._gcd_import(name[level:], package, level)
           ^^^^^^^^^^^^^^^^^^^^^^^^^^^^^^^^^^^^^^^^^^^^^^^^^^^^
tests\integration\test_api.py:4: in <module>
    from src.api.main import app
src\api\main.py:9: in <module>
    from src.api.routes import (
src\api\routes\__init__.py:5: in <module>
    from . import (
src\api\routes\proactive.py:10: in <module>
    from src.proactive import get_proactive_brain, get_auto_executor
src\proactive\__init__.py:6: in <module>
    from src.proactive.proactive_brain import ProactiveBrain, get_proactive_brain
src\proactive\proactive_brain.py:11: in <module>
    from src.proactive.daily_planner import DailyPlanner, get_daily_planner
src\proactive\daily_planner.py:13: in <module>
    from src.cognitive.memory.user_profile import UserProfile
src\cognitive\memory\__init__.py:1: in <module>
    from src.cognitive.memory.vector_store import VectorStore, get_vector_store
E   ImportError: cannot import name 'VectorStore' from 'src.cognitive.memory.vector_store' (C:\Users\nandk\Aether-AI\src\cognitive\memory\vector_store.py)
------------------------------- Captured stdout -------------------------------
\u26a0\ufe0f WARNING: Using auto-generated secret key for development
============================== warnings summary ===============================
src\cognitive\llm\providers\google_provider.py:3
  C:\Users\nandk\Aether-AI\src\cognitive\llm\providers\google_provider.py:3: FutureWarning: 
  
  All support for the `google.generativeai` package has ended. It will no longer be receiving 
  updates or bug fixes. Please switch to the `google.genai` package as soon as possible.
  See README for more details:
  
  https://github.com/google-gemini/deprecated-generative-ai-python/blob/main/README.md
  
    import google.generativeai as genai

-- Docs: https://docs.pytest.org/en/stable/how-to/capture-warnings.html
=========================== short test summary info ===========================
ERROR tests/integration/test_api.py
!!!!!!!!!!!!!!!!!!! Interrupted: 1 error during collection !!!!!!!!!!!!!!!!!!!!
======================== 1 warning, 1 error in 25.23s =========================
