============================= test session starts =============================
platform win32 -- Python 3.12.10, pytest-9.0.2, pluggy-1.6.0 -- C:\Users\nandk\Aether-AI\venv\Scripts\python.exe
cachedir: .pytest_cache
rootdir: C:\Users\nandk\Aether-AI
configfile: pytest.ini
plugins: anyio-4.12.1, langsmith-0.7.4, asyncio-1.3.0
asyncio: mode=Mode.STRICT, debug=False, asyncio_default_fixture_loop_scope=None, asyncio_default_test_loop_scope=function
collecting ... collected 0 items / 1 error

=================================== ERRORS ====================================
_______________ ERROR collecting tests/integration/test_api.py ________________
tests\integration\test_api.py:4: in <module>
    from src.api.main import app
src\api\main.py:130: in <module>
    app.include_router(voice.router)
                       ^^^^^^^^^^^^
E   AttributeError: module 'src.api.routes.voice' has no attribute 'router'
------------------------------- Captured stdout -------------------------------
\u26a0\ufe0f WARNING: Using auto-generated secret key for development
============================== warnings summary ===============================
src\cognitive\llm\providers\google_provider.py:3
  C:\Users\nandk\Aether-AI\src\cognitive\llm\providers\google_provider.py:3: FutureWarning: 
  
  All support for the `google.generativeai` package has ended. It will no longer be receiving 
  updates or bug fixes. Please switch to the `google.genai` package as soon as possible.
  See README for more details:
  
  https://github.com/google-gemini/deprecated-generative-ai-python/blob/main/README.md
  
    import google.generativeai as genai

src\control\models.py:22
  C:\Users\nandk\Aether-AI\src\control\models.py:22: PydanticDeprecatedSince20: Support for class-based `config` is deprecated, use ConfigDict instead. Deprecated in Pydantic V2.0 to be removed in V3.0. See Pydantic V2 Migration Guide at https://errors.pydantic.dev/2.12/migration/
    class ControlAction(BaseModel):

src\control\models.py:32
  C:\Users\nandk\Aether-AI\src\control\models.py:32: PydanticDeprecatedSince20: Support for class-based `config` is deprecated, use ConfigDict instead. Deprecated in Pydantic V2.0 to be removed in V3.0. See Pydantic V2 Migration Guide at https://errors.pydantic.dev/2.12/migration/
    class ActionResult(BaseModel):

src\control\models.py:45
  C:\Users\nandk\Aether-AI\src\control\models.py:45: PydanticDeprecatedSince20: Support for class-based `config` is deprecated, use ConfigDict instead. Deprecated in Pydantic V2.0 to be removed in V3.0. See Pydantic V2 Migration Guide at https://errors.pydantic.dev/2.12/migration/
    class PermissionRule(BaseModel):

src\control\models.py:55
  C:\Users\nandk\Aether-AI\src\control\models.py:55: PydanticDeprecatedSince20: Support for class-based `config` is deprecated, use ConfigDict instead. Deprecated in Pydantic V2.0 to be removed in V3.0. See Pydantic V2 Migration Guide at https://errors.pydantic.dev/2.12/migration/
    class AuditLogEntry(BaseModel):

src\api\routes\autonomous.py:37
  C:\Users\nandk\Aether-AI\src\api\routes\autonomous.py:37: PydanticDeprecatedSince20: Pydantic V1 style `@validator` validators are deprecated. You should migrate to Pydantic V2 style `@field_validator` validators, see the migration guide for more details. Deprecated in Pydantic V2.0 to be removed in V3.0. See Pydantic V2 Migration Guide at https://errors.pydantic.dev/2.12/migration/
    @validator('target')

src\api\routes\autonomous.py:44
  C:\Users\nandk\Aether-AI\src\api\routes\autonomous.py:44: PydanticDeprecatedSince20: Pydantic V1 style `@validator` validators are deprecated. You should migrate to Pydantic V2 style `@field_validator` validators, see the migration guide for more details. Deprecated in Pydantic V2.0 to be removed in V3.0. See Pydantic V2 Migration Guide at https://errors.pydantic.dev/2.12/migration/
    @validator('max_duration_hours')

-- Docs: https://docs.pytest.org/en/stable/how-to/capture-warnings.html
=========================== short test summary info ===========================
ERROR tests/integration/test_api.py - AttributeError: module 'src.api.routes....
!!!!!!!!!!!!!!!!!!! Interrupted: 1 error during collection !!!!!!!!!!!!!!!!!!!!
======================== 7 warnings, 1 error in 25.57s ========================
