============================= test session starts =============================
platform win32 -- Python 3.12.10, pytest-9.0.2, pluggy-1.6.0 -- C:\Users\nandk\Aether-AI\venv\Scripts\python.exe
cachedir: .pytest_cache
rootdir: C:\Users\nandk\Aether-AI
configfile: pytest.ini
plugins: anyio-4.12.1, langsmith-0.7.4, asyncio-1.3.0
asyncio: mode=Mode.STRICT, debug=False, asyncio_default_fixture_loop_scope=None, asyncio_default_test_loop_scope=function
collecting ... collected 0 items / 1 error

=================================== ERRORS ====================================
_______________ ERROR collecting tests/integration/test_api.py ________________
tests\integration\test_api.py:4: in <module>
    from src.api.main import app
src\api\main.py:9: in <module>
    from src.api.routes import (
src\api\routes\__init__.py:5: in <module>
    from . import (
src\api\routes\memory.py:13: in <module>
    conversation_history = ConversationHistory()
                           ^^^^^^^^^^^^^^^^^^^^^
src\cognitive\memory\conversation_history.py:19: in __init__
    self.vector_store = vector_store or VectorStore()
                                        ^^^^^^^^^^^^^
src\cognitive\memory\vector_store.py:53: in __init__
    self.client = chromadb.Client(Settings(
venv\Lib\site-packages\chromadb\__init__.py:248: in Client
    return ClientCreator(tenant=tenant, database=database, settings=settings)
           ^^^^^^^^^^^^^^^^^^^^^^^^^^^^^^^^^^^^^^^^^^^^^^^^^^^^^^^^^^^^^^^^^^
venv\Lib\site-packages\chromadb\api\client.py:139: in __init__
    super().__init__(settings=settings)
venv\Lib\site-packages\chromadb\api\client.py:43: in __init__
    SharedSystemClient._create_system_if_not_exists(self._identifier, settings)
venv\Lib\site-packages\chromadb\api\client.py:50: in _create_system_if_not_exists
    new_system = System(settings)
                 ^^^^^^^^^^^^^^^^
venv\Lib\site-packages\chromadb\config.py:313: in __init__
    if settings[key] is not None:
       ^^^^^^^^^^^^^
venv\Lib\site-packages\chromadb\config.py:250: in __getitem__
    raise ValueError(LEGACY_ERROR)
E   ValueError: [91mYou are using a deprecated configuration of Chroma.
E   
E   [94mIf you do not have data you wish to migrate, you only need to change how you construct
E   your Chroma client. Please see the "New Clients" section of https://docs.trychroma.com/migration.
E   ________________________________________________________________________________________________
E   
E   If you do have data you wish to migrate, we have a migration tool you can use in order to
E   migrate your data to the new Chroma architecture.
E   Please `pip install chroma-migrate` and run `chroma-migrate` to migrate your data and then
E   change how you construct your Chroma client.
E   
E   See https://docs.trychroma.com/migration for more information or join our discord at https://discord.gg/8g5FESbj for help![0m
------------------------------- Captured stdout -------------------------------
\u26a0\ufe0f WARNING: Using auto-generated secret key for development
============================== warnings summary ===============================
venv\Lib\site-packages\starlette\formparsers.py:10
  C:\Users\nandk\Aether-AI\venv\Lib\site-packages\starlette\formparsers.py:10: PendingDeprecationWarning: Please use `import python_multipart` instead.
    import multipart

src\cognitive\llm\providers\google_provider.py:3
  C:\Users\nandk\Aether-AI\src\cognitive\llm\providers\google_provider.py:3: FutureWarning: 
  
  All support for the `google.generativeai` package has ended. It will no longer be receiving 
  updates or bug fixes. Please switch to the `google.genai` package as soon as possible.
  See README for more details:
  
  https://github.com/google-gemini/deprecated-generative-ai-python/blob/main/README.md
  
    import google.generativeai as genai

src\api\routes\voice.py:447
  C:\Users\nandk\Aether-AI\src\api\routes\voice.py:447: DeprecationWarning: 
          on_event is deprecated, use lifespan event handlers instead.
  
          Read more about it in the
          [FastAPI docs for Lifespan Events](https://fastapi.tiangolo.com/advanced/events/).
          
    @router.on_event("shutdown")

-- Docs: https://docs.pytest.org/en/stable/how-to/capture-warnings.html
=========================== short test summary info ===========================
ERROR tests/integration/test_api.py - ValueError: [91mYou are using a deprecated configuration of Chroma.
!!!!!!!!!!!!!!!!!!! Interrupted: 1 error during collection !!!!!!!!!!!!!!!!!!!!
======================== 3 warnings, 1 error in 52.61s ========================
