============================= test session starts =============================
platform win32 -- Python 3.12.10, pytest-9.0.2, pluggy-1.6.0 -- C:\Users\nandk\Aether-AI\venv\Scripts\python.exe
cachedir: .pytest_cache
rootdir: C:\Users\nandk\Aether-AI
configfile: pytest.ini
plugins: anyio-4.12.1, langsmith-0.7.4, asyncio-1.3.0
asyncio: mode=Mode.STRICT, debug=False, asyncio_default_fixture_loop_scope=None, asyncio_default_test_loop_scope=function
collecting ... collected 0 items / 1 error

=================================== ERRORS ====================================
_______________ ERROR collecting tests/integration/test_api.py ________________
tests\integration\test_api.py:4: in <module>
    from src.api.main import app
src\api\main.py:9: in <module>
    from src.api.routes import (
src\api\routes\__init__.py:5: in <module>
    from . import (
src\api\routes\voice.py:113: in <module>
    @router.post("/transcribe", response_model=TranscribeResponse)
     ^^^^^^^^^^^^^^^^^^^^^^^^^^^^^^^^^^^^^^^^^^^^^^^^^^^^^^^^^^^^^
venv\Lib\site-packages\fastapi\routing.py:956: in decorator
    self.add_api_route(
venv\Lib\site-packages\fastapi\routing.py:895: in add_api_route
    route = route_class(
venv\Lib\site-packages\fastapi\routing.py:531: in __init__
    self.body_field = get_body_field(dependant=self.dependant, name=self.unique_id)
                      ^^^^^^^^^^^^^^^^^^^^^^^^^^^^^^^^^^^^^^^^^^^^^^^^^^^^^^^^^^^^^
venv\Lib\site-packages\fastapi\dependencies\utils.py:815: in get_body_field
    check_file_field(final_field)
venv\Lib\site-packages\fastapi\dependencies\utils.py:100: in check_file_field
    raise RuntimeError(multipart_not_installed_error) from None
E   RuntimeError: Form data requires "python-multipart" to be installed. 
E   You can install "python-multipart" with: 
E   
E   pip install python-multipart
------------------------------- Captured stdout -------------------------------
\u26a0\ufe0f WARNING: Using auto-generated secret key for development
============================== warnings summary ===============================
src\cognitive\llm\providers\google_provider.py:3
  C:\Users\nandk\Aether-AI\src\cognitive\llm\providers\google_provider.py:3: FutureWarning: 
  
  All support for the `google.generativeai` package has ended. It will no longer be receiving 
  updates or bug fixes. Please switch to the `google.genai` package as soon as possible.
  See README for more details:
  
  https://github.com/google-gemini/deprecated-generative-ai-python/blob/main/README.md
  
    import google.generativeai as genai

-- Docs: https://docs.pytest.org/en/stable/how-to/capture-warnings.html
=========================== short test summary info ===========================
ERROR tests/integration/test_api.py - RuntimeError: Form data requires "pytho...
!!!!!!!!!!!!!!!!!!! Interrupted: 1 error during collection !!!!!!!!!!!!!!!!!!!!
======================== 1 warning, 1 error in 36.04s =========================
